Arguments: 
  /usr/local/Cellar/node/16.1.0/bin/node /usr/local/bin/yarn add hardhat –dev

PATH: 
  /usr/local/bin:/usr/bin:/bin:/usr/sbin:/sbin:/Library/Apple/usr/bin

Yarn version: 
  1.22.10

Node version: 
  16.1.0

Platform: 
  darwin x64

Trace: 
  TypeError [ERR_UNESCAPED_CHARACTERS]: Request path contains unescaped characters
      at new NodeError (node:internal/errors:363:5)
      at new ClientRequest (node:_http_client:154:13)
      at Object.request (node:https:317:10)
      at Request.module.exports.Request.start (/usr/local/lib/node_modules/yarn/lib/cli.js:141224:32)
      at Request.module.exports.Request.end (/usr/local/lib/node_modules/yarn/lib/cli.js:141983:10)
      at end (/usr/local/lib/node_modules/yarn/lib/cli.js:141037:14)
      at Immediate._onImmediate (/usr/local/lib/node_modules/yarn/lib/cli.js:141051:7)
      at processImmediate (node:internal/timers:464:21)

npm manifest: 
  {
    "name": "Hardhat-Calculator",
    "version": "1.0.0",
    "main": "index.js",
    "license": "MIT"
  }

yarn manifest: 
  No manifest

Lockfile: 
  No lockfile
